Arguments: 
  C:\Program Files\nodejs\node.exe C:\Program Files\nodejs\node_modules\yarn\bin\yarn.js add express mongoose nodemon dorenv jsonwebtoken

PATH: 
  C:\Program Files (x86)\Common Files\Oracle\Java\javapath;C:\Windows\system32;C:\Windows;C:\Windows\System32\Wbem;C:\Windows\System32\WindowsPowerShell\v1.0\;C:\Windows\System32\OpenSSH\;C:\Program Files\dotnet\;C:\Program Files\Git\cmd;C:\Program Files\PuTTY\;C:\Program Files\Amazon\AWSCLIV2\;C:\Program Files\Docker\Docker\resources\bin;C:\ProgramData\DockerDesktop\version-bin;C:\Users\shree\AppData\Roaming\nvm;C:\Program Files\nodejs;C:\Program Files\MySQL\MySQL Shell 8.0\bin\;C:\Users\shree\AppData\Local\Programs\Python\Python310\Scripts\;C:\Users\shree\AppData\Local\Programs\Python\Python310\;C:\Users\shree\AppData\Local\Microsoft\WindowsApps;C:\Users\shree\AppData\Local\Programs\Microsoft VS Code\bin;C:\Users\shree\AppData\Local\GitHubDesktop\bin;C:\Users\shree\AppData\Roaming\npm;C:\Users\shree\AppData\Roaming\nvm;C:\Program Files\nodejs

Yarn version: 
  1.22.19

Node version: 
  16.17.1

Platform: 
  win32 x64

Trace: 
  Error: https://registry.yarnpkg.com/dorenv: Not found
      at Request.params.callback [as _callback] (C:\Users\shree\AppData\Roaming\nvm\v16.17.1\node_modules\yarn\lib\cli.js:66145:18)
      at Request.self.callback (C:\Users\shree\AppData\Roaming\nvm\v16.17.1\node_modules\yarn\lib\cli.js:140890:22)
      at Request.emit (node:events:513:28)
      at Request.<anonymous> (C:\Users\shree\AppData\Roaming\nvm\v16.17.1\node_modules\yarn\lib\cli.js:141862:10)
      at Request.emit (node:events:513:28)
      at IncomingMessage.<anonymous> (C:\Users\shree\AppData\Roaming\nvm\v16.17.1\node_modules\yarn\lib\cli.js:141784:12)
      at Object.onceWrapper (node:events:627:28)
      at IncomingMessage.emit (node:events:525:35)
      at endReadableNT (node:internal/streams/readable:1358:12)
      at processTicksAndRejections (node:internal/process/task_queues:83:21)

npm manifest: 
  {
    "name": "api",
    "version": "1.0.0",
    "description": "",
    "main": "index.js",
    "scripts": {
      "test": "echo \"Error: no test specified\" && exit 1"
    },
    "author": "",
    "license": "ISC"
  }

yarn manifest: 
  No manifest

Lockfile: 
  No lockfile
